{
  "RSpec": {
    "coverage": {
      "/Users/duthied/src/ruby/parking-lot/lib/pay_lot.rb": {
        "lines": [
          null,
          1,
          1,
          1,
          null,
          1,
          1,
          null,
          null,
          null,
          1,
          null,
          2,
          2,
          null,
          null,
          2,
          2,
          2,
          null,
          2,
          null,
          null,
          2,
          null,
          null,
          2,
          null,
          null
        ]
      },
      "/Users/duthied/src/ruby/parking-lot/lib/modules/lot.rb": {
        "lines": [
          null,
          1,
          null,
          1,
          null,
          1,
          1,
          null,
          1,
          5,
          5,
          null,
          null,
          1,
          4,
          null,
          null,
          1,
          2,
          null,
          null,
          1,
          0,
          0,
          null,
          0,
          0,
          null,
          null,
          null,
          null,
          null,
          1,
          5,
          null,
          5,
          null,
          null,
          5,
          null,
          5,
          null,
          null
        ]
      },
      "/Users/duthied/src/ruby/parking-lot/spec/simple_lot_spec.rb": {
        "lines": [
          1,
          1,
          null,
          null,
          null,
          1,
          null,
          1,
          null,
          1,
          4,
          null,
          1,
          1,
          null,
          null,
          1,
          1,
          1,
          1,
          null,
          null,
          1,
          1,
          1,
          1,
          null,
          null,
          null,
          null
        ]
      },
      "/Users/duthied/src/ruby/parking-lot/lib/simple_lot.rb": {
        "lines": [
          null,
          1,
          1,
          null,
          1,
          1,
          null,
          1,
          null,
          null,
          3,
          null,
          null,
          null
        ]
      }
    },
    "timestamp": 1680484159
  }
}
