<?xml version='1.0'?> 
<!DOCTYPE coverage SYSTEM "http://cobertura.sourceforge.net/xml/coverage-04.dtd">
<!-- Generated by simplecov-cobertura version 2.1.0 (https://github.com/dashingrocket/simplecov-cobertura) -->
<coverage line-rate="0.93" lines-covered="53" lines-valid="57" complexity="0" version="0" timestamp="1680484521">
  <sources>
    <source>/Users/duthied/src/ruby/parking-lot</source>
  </sources>
  <packages>
    <package name="parking-lot" line-rate="0.93" complexity="0">
      <classes>
        <class name="lot" filename="lib/modules/lot.rb" line-rate="0.81" complexity="0">
          <methods/>
          <lines>
            <line number="2" hits="1"/>
            <line number="4" hits="1"/>
            <line number="6" hits="1"/>
            <line number="7" hits="1"/>
            <line number="9" hits="1"/>
            <line number="10" hits="5"/>
            <line number="11" hits="5"/>
            <line number="14" hits="1"/>
            <line number="15" hits="4"/>
            <line number="18" hits="1"/>
            <line number="19" hits="2"/>
            <line number="22" hits="1"/>
            <line number="23" hits="0"/>
            <line number="24" hits="0"/>
            <line number="26" hits="0"/>
            <line number="27" hits="0"/>
            <line number="33" hits="1"/>
            <line number="34" hits="5"/>
            <line number="36" hits="5"/>
            <line number="39" hits="5"/>
            <line number="41" hits="5"/>
          </lines>
        </class>
        <class name="pay_lot" filename="lib/pay_lot.rb" line-rate="1.0" complexity="0">
          <methods/>
          <lines>
            <line number="2" hits="1"/>
            <line number="3" hits="1"/>
            <line number="4" hits="1"/>
            <line number="6" hits="1"/>
            <line number="7" hits="1"/>
            <line number="11" hits="1"/>
            <line number="13" hits="2"/>
            <line number="14" hits="2"/>
            <line number="17" hits="2"/>
            <line number="18" hits="2"/>
            <line number="19" hits="2"/>
            <line number="21" hits="2"/>
            <line number="24" hits="2"/>
            <line number="27" hits="2"/>
          </lines>
        </class>
        <class name="simple_lot" filename="lib/simple_lot.rb" line-rate="1.0" complexity="0">
          <methods/>
          <lines>
            <line number="2" hits="1"/>
            <line number="3" hits="1"/>
            <line number="5" hits="1"/>
            <line number="6" hits="1"/>
            <line number="8" hits="1"/>
            <line number="11" hits="3"/>
          </lines>
        </class>
        <class name="simple_lot_spec" filename="spec/simple_lot_spec.rb" line-rate="1.0" complexity="0">
          <methods/>
          <lines>
            <line number="1" hits="1"/>
            <line number="2" hits="1"/>
            <line number="6" hits="1"/>
            <line number="8" hits="1"/>
            <line number="10" hits="1"/>
            <line number="11" hits="4"/>
            <line number="13" hits="1"/>
            <line number="14" hits="1"/>
            <line number="17" hits="1"/>
            <line number="18" hits="1"/>
            <line number="19" hits="1"/>
            <line number="20" hits="1"/>
            <line number="23" hits="1"/>
            <line number="24" hits="1"/>
            <line number="25" hits="1"/>
            <line number="26" hits="1"/>
          </lines>
        </class>
      </classes>
    </package>
  </packages>
</coverage>